<?xml version="1.0" encoding="UTF-8"?>
<!-- Generated by org.testng.reporters.JUnitReportReporter -->
<testsuite hostname="DESKTOP-95BEDQV" failures="0" tests="1" name="Runner.TestRunner" time="18.279" errors="0" timestamp="2024-12-25T04:17:12 IST" skipped="0">
  <testcase classname="Runner.TestRunner" name="runScenario" time="18.279"/>
</testsuite> <!-- Runner.TestRunner -->
