<?xml version="1.0" encoding="UTF-8"?>
<!-- Generated by org.testng.reporters.JUnitReportReporter -->
<testsuite hostname="DESKTOP-95BEDQV" failures="0" tests="3" name="Runner.TestRunner" time="48.196" errors="0" timestamp="2024-12-22T10:05:25 IST" skipped="0">
  <testcase classname="Runner.TestRunner" name="runScenario" time="14.551"/>
  <testcase classname="Runner.TestRunner" name="runScenario" time="19.207"/>
  <testcase classname="Runner.TestRunner" name="runScenario" time="14.438"/>
</testsuite> <!-- Runner.TestRunner -->
