<?xml version="1.0" encoding="UTF-8"?>
<!-- Generated by org.testng.reporters.JUnitReportReporter -->
<testsuite hostname="DESKTOP-95BEDQV" failures="0" tests="1" name="Runner.TestRunner" time="6.986" errors="0" timestamp="2024-12-12T05:33:22 IST" skipped="0">
  <testcase classname="Runner.TestRunner" name="runScenario" time="6.986"/>
</testsuite> <!-- Runner.TestRunner -->
