<?xml version="1.0" encoding="UTF-8"?>
<!-- Generated by org.testng.reporters.JUnitReportReporter -->
<testsuite hostname="DESKTOP-95BEDQV" failures="0" tests="1" name="PICO_Container_Cucumber.TestRunner" time="0.277" errors="0" timestamp="2024-12-11T06:42:17 IST" skipped="0">
  <testcase classname="PICO_Container_Cucumber.TestRunner" name="runScenario" time="0.277"/>
</testsuite> <!-- PICO_Container_Cucumber.TestRunner -->
