<?xml version="1.0" encoding="UTF-8"?>
<!-- Generated by org.testng.reporters.JUnitReportReporter -->
<testsuite hostname="DESKTOP-95BEDQV" failures="0" tests="3" name="Runner.TestRunner" time="47.194" errors="0" timestamp="2024-12-24T05:04:40 IST" skipped="0">
  <testcase classname="Runner.TestRunner" name="runScenario" time="15.187"/>
  <testcase classname="Runner.TestRunner" name="runScenario" time="18.879"/>
  <testcase classname="Runner.TestRunner" name="runScenario" time="13.128"/>
</testsuite> <!-- Runner.TestRunner -->
